FATAL:  the database system is starting up
LOG:  database system was interrupted; last known up at 2016-05-07 22:50:41 EDT
FATAL:  the database system is starting up
FATAL:  the database system is starting up
FATAL:  the database system is starting up
FATAL:  the database system is starting up
FATAL:  the database system is starting up
FATAL:  the database system is starting up
FATAL:  the database system is starting up
FATAL:  the database system is starting up
FATAL:  the database system is starting up
LOG:  database system was not properly shut down; automatic recovery in progress
LOG:  record with zero length at 0/1E29FA8
LOG:  redo is not required
LOG:  database system is ready to accept connections
LOG:  autovacuum launcher started
LOG:  database system was interrupted; last known up at 2016-05-14 18:47:54 EDT
FATAL:  the database system is starting up
FATAL:  the database system is starting up
FATAL:  the database system is starting up
FATAL:  the database system is starting up
FATAL:  the database system is starting up
FATAL:  the database system is starting up
FATAL:  the database system is starting up
FATAL:  the database system is starting up
FATAL:  the database system is starting up
FATAL:  the database system is starting up
FATAL:  the database system is starting up
FATAL:  the database system is starting up
FATAL:  the database system is starting up
FATAL:  the database system is starting up
FATAL:  the database system is starting up
LOG:  database system was not properly shut down; automatic recovery in progress
FATAL:  the database system is starting up
LOG:  record with zero length at 0/1E9CC08
LOG:  redo is not required
LOG:  database system is ready to accept connections
LOG:  autovacuum launcher started
FATAL:  the database system is starting up
LOG:  database system was interrupted; last known up at 2016-05-15 20:09:44 EDT
FATAL:  the database system is starting up
FATAL:  the database system is starting up
FATAL:  the database system is starting up
FATAL:  the database system is starting up
FATAL:  the database system is starting up
FATAL:  the database system is starting up
FATAL:  the database system is starting up
FATAL:  the database system is starting up
FATAL:  the database system is starting up
LOG:  database system was not properly shut down; automatic recovery in progress
LOG:  record with zero length at 0/1EA4498
LOG:  redo is not required
LOG:  database system is ready to accept connections
LOG:  autovacuum launcher started
FATAL:  the database system is starting up
LOG:  database system was interrupted; last known up at 2016-05-15 20:47:36 EDT
FATAL:  the database system is starting up
FATAL:  the database system is starting up
FATAL:  the database system is starting up
FATAL:  the database system is starting up
FATAL:  the database system is starting up
FATAL:  the database system is starting up
FATAL:  the database system is starting up
FATAL:  the database system is starting up
LOG:  database system was not properly shut down; automatic recovery in progress
LOG:  record with zero length at 0/1EA44F8
LOG:  redo is not required
FATAL:  the database system is starting up
LOG:  database system is ready to accept connections
LOG:  autovacuum launcher started
