LOG:  database system was interrupted; last known up at 2016-05-19 12:29:48 EDT
FATAL:  the database system is starting up
FATAL:  the database system is starting up
FATAL:  the database system is starting up
FATAL:  the database system is starting up
FATAL:  the database system is starting up
FATAL:  the database system is starting up
FATAL:  the database system is starting up
FATAL:  the database system is starting up
LOG:  database system was not properly shut down; automatic recovery in progress
LOG:  record with zero length at 0/1EFDB20
LOG:  redo is not required
LOG:  database system is ready to accept connections
LOG:  autovacuum launcher started
FATAL:  the database system is starting up
LOG:  database system was interrupted; last known up at 2016-05-26 09:48:43 EDT
FATAL:  the database system is starting up
FATAL:  the database system is starting up
FATAL:  the database system is starting up
FATAL:  the database system is starting up
FATAL:  the database system is starting up
FATAL:  the database system is starting up
FATAL:  the database system is starting up
FATAL:  the database system is starting up
FATAL:  the database system is starting up
FATAL:  the database system is starting up
FATAL:  the database system is starting up
FATAL:  the database system is starting up
FATAL:  the database system is starting up
FATAL:  the database system is starting up
FATAL:  the database system is starting up
FATAL:  the database system is starting up
LOG:  database system was not properly shut down; automatic recovery in progress
LOG:  record with zero length at 0/1F255C8
LOG:  redo is not required
LOG:  database system is ready to accept connections
LOG:  autovacuum launcher started
FATAL:  the database system is starting up
LOG:  database system was interrupted; last known up at 2016-05-27 09:38:43 EDT
FATAL:  the database system is starting up
FATAL:  the database system is starting up
FATAL:  the database system is starting up
FATAL:  the database system is starting up
FATAL:  the database system is starting up
FATAL:  the database system is starting up
FATAL:  the database system is starting up
FATAL:  the database system is starting up
FATAL:  the database system is starting up
FATAL:  the database system is starting up
FATAL:  the database system is starting up
FATAL:  the database system is starting up
FATAL:  the database system is starting up
LOG:  database system was not properly shut down; automatic recovery in progress
LOG:  record with zero length at 0/1F25628
LOG:  redo is not required
LOG:  database system is ready to accept connections
LOG:  autovacuum launcher started
FATAL:  the database system is starting up
LOG:  database system was interrupted; last known up at 2016-05-27 09:41:26 EDT
FATAL:  the database system is starting up
FATAL:  the database system is starting up
FATAL:  the database system is starting up
FATAL:  the database system is starting up
FATAL:  the database system is starting up
FATAL:  the database system is starting up
FATAL:  the database system is starting up
FATAL:  the database system is starting up
FATAL:  the database system is starting up
FATAL:  the database system is starting up
LOG:  database system was not properly shut down; automatic recovery in progress
LOG:  record with zero length at 0/1F25688
LOG:  redo is not required
LOG:  database system is ready to accept connections
LOG:  autovacuum launcher started
FATAL:  the database system is starting up
LOG:  database system was interrupted; last known up at 2016-06-02 16:22:24 EDT
FATAL:  the database system is starting up
FATAL:  the database system is starting up
FATAL:  the database system is starting up
FATAL:  the database system is starting up
FATAL:  the database system is starting up
FATAL:  the database system is starting up
FATAL:  the database system is starting up
FATAL:  the database system is starting up
FATAL:  the database system is starting up
LOG:  database system was not properly shut down; automatic recovery in progress
LOG:  record with zero length at 0/1F30AD0
LOG:  redo is not required
FATAL:  the database system is starting up
FATAL:  the database system is starting up
LOG:  database system is ready to accept connections
LOG:  autovacuum launcher started
ERROR:  database "wiki" already exists
STATEMENT:  CREATE DATABASE wiki;
	
LOG:  received fast shutdown request
LOG:  aborting any active transactions
LOG:  autovacuum launcher shutting down
LOG:  shutting down
LOG:  database system is shut down
